<?xml version="1.0" encoding="UTF-8"?>
<testsuite xmlns:xsi="http://www.w3.org/2001/XMLSchema-instance" xsi:noNamespaceSchemaLocation="https://maven.apache.org/surefire/maven-surefire-plugin/xsd/surefire-test-report-3.0.xsd" version="3.0" name="com.health.controller.AuthSecurityIntegrationTest" time="2.218" tests="4" errors="0" skipped="0" failures="0">
  <properties>
[...]
</properties>
  <testcase name="register_shouldRejectTooLongUsername" classname="com.health.controller.AuthSecurityIntegrationTest" time="0.081">
    <system-out><![CDATA[19:10:55.836 [main] INFO org.springframework.test.context.support.AnnotationConfigContextLoaderUtils -- Could not detect default configuration classes for test class [com.health.controller.AuthSecurityIntegrationTest]: AuthSecurityIntegrationTest does not declare any static, non-private, non-final, nested classes annotated with @Configuration.
19:10:55.887 [main] INFO org.springframework.boot.test.context.SpringBootTestContextBootstrapper -- Found @SpringBootConfiguration com.health.HealthApplication for test class com.health.controller.AuthSecurityIntegrationTest

  .   ____          _            __ _ _
 /\\ / ___'_ __ _ _(_)_ __  __ _ \ \ \ \
( ( )\___ | '_ | '_| | '_ \/ _` | \ \ \ \
 \\/  ___)| |_)| | | | | || (_| |  ) ) ) )
  '  |____| .__|_| |_|_| |_\__, | / / / /
 =========|_|==============|___/=/_/_/_/
 :: Spring Boot ::                (v3.1.2)

2026-03-18T19:10:56.036+08:00  INFO 97068 --- [           main] c.h.c.AuthSecurityIntegrationTest        : Starting AuthSecurityIntegrationTest using Java 25.0.2 with PID 97068 (started by jungle in /Users/jungle/code/health_system/health-management-system)
2026-03-18T19:10:56.037+08:00  INFO 97068 --- [           main] c.h.c.AuthSecurityIntegrationTest        : No active profile set, falling back to 1 default profile: "default"
2026-03-18T19:10:56.297+08:00  INFO 97068 --- [           main] .s.d.r.c.RepositoryConfigurationDelegate : Multiple Spring Data modules found, entering strict repository configuration mode
2026-03-18T19:10:56.298+08:00  INFO 97068 --- [           main] .s.d.r.c.RepositoryConfigurationDelegate : Bootstrapping Spring Data JPA repositories in DEFAULT mode.
2026-03-18T19:10:56.349+08:00  INFO 97068 --- [           main] .s.d.r.c.RepositoryConfigurationDelegate : Finished Spring Data repository scanning in 45 ms. Found 3 JPA repository interfaces.
2026-03-18T19:10:56.354+08:00  INFO 97068 --- [           main] .s.d.r.c.RepositoryConfigurationDelegate : Multiple Spring Data modules found, entering strict repository configuration mode
2026-03-18T19:10:56.354+08:00  INFO 97068 --- [           main] .s.d.r.c.RepositoryConfigurationDelegate : Bootstrapping Spring Data Redis repositories in DEFAULT mode.
2026-03-18T19:10:56.360+08:00  INFO 97068 --- [           main] .RepositoryConfigurationExtensionSupport : Spring Data Redis - Could not safely identify store assignment for repository candidate interface com.health.repository.LoginLogRepository; If you want this repository to be a Redis repository, consider annotating your entities with one of these annotations: org.springframework.data.redis.core.RedisHash (preferred), or consider extending one of the following types with your repository: org.springframework.data.keyvalue.repository.KeyValueRepository
2026-03-18T19:10:56.360+08:00  INFO 97068 --- [           main] .RepositoryConfigurationExtensionSupport : Spring Data Redis - Could not safely identify store assignment for repository candidate interface com.health.repository.UserRepository; If you want this repository to be a Redis repository, consider annotating your entities with one of these annotations: org.springframework.data.redis.core.RedisHash (preferred), or consider extending one of the following types with your repository: org.springframework.data.keyvalue.repository.KeyValueRepository
2026-03-18T19:10:56.360+08:00  INFO 97068 --- [           main] .RepositoryConfigurationExtensionSupport : Spring Data Redis - Could not safely identify store assignment for repository candidate interface com.health.repository.VerificationCodeRepository; If you want this repository to be a Redis repository, consider annotating your entities with one of these annotations: org.springframework.data.redis.core.RedisHash (preferred), or consider extending one of the following types with your repository: org.springframework.data.keyvalue.repository.KeyValueRepository
2026-03-18T19:10:56.361+08:00  INFO 97068 --- [           main] .s.d.r.c.RepositoryConfigurationDelegate : Finished Spring Data repository scanning in 4 ms. Found 0 Redis repository interfaces.
2026-03-18T19:10:56.929+08:00  INFO 97068 --- [           main] o.hibernate.jpa.internal.util.LogHelper  : HHH000204: Processing PersistenceUnitInfo [name: default]
2026-03-18T19:10:56.947+08:00  INFO 97068 --- [           main] org.hibernate.Version                    : HHH000412: Hibernate ORM core version 6.2.6.Final
2026-03-18T19:10:56.948+08:00  INFO 97068 --- [           main] org.hibernate.cfg.Environment            : HHH000406: Using bytecode reflection optimizer
2026-03-18T19:10:56.989+08:00  INFO 97068 --- [           main] o.h.b.i.BytecodeProviderInitiator        : HHH000021: Bytecode provider name : bytebuddy
2026-03-18T19:10:56.992+08:00  INFO 97068 --- [           main] o.s.o.j.p.SpringPersistenceUnitInfo      : No LoadTimeWeaver setup: ignoring JPA class transformer
2026-03-18T19:10:56.997+08:00  INFO 97068 --- [           main] com.zaxxer.hikari.HikariDataSource       : HikariPool-1 - Starting...
2026-03-18T19:10:57.061+08:00  INFO 97068 --- [           main] com.zaxxer.hikari.pool.HikariPool        : HikariPool-1 - Added connection conn0: url=jdbc:h2:mem:health_system user=SA
2026-03-18T19:10:57.061+08:00  INFO 97068 --- [           main] com.zaxxer.hikari.HikariDataSource       : HikariPool-1 - Start completed.
2026-03-18T19:10:57.138+08:00  INFO 97068 --- [           main] o.h.b.i.BytecodeProviderInitiator        : HHH000021: Bytecode provider name : bytebuddy
2026-03-18T19:10:57.306+08:00  INFO 97068 --- [           main] o.h.e.t.j.p.i.JtaPlatformInitiator       : HHH000490: Using JtaPlatform implementation: [org.hibernate.engine.transaction.jta.platform.internal.NoJtaPlatform]
Hibernate: 
    create table login_logs (
        id bigint generated by default as identity,
        fail_reason varchar(255),
        login_ip varchar(255),
        login_time timestamp(6) not null,
        login_type varchar(255),
        success boolean,
        user_agent varchar(255),
        user_id bigint not null,
        primary key (id)
    )
Hibernate: 
    create table users (
        id bigint generated by default as identity,
        avatar_url varchar(255),
        created_at timestamp(6) not null,
        email varchar(100) not null,
        last_login_time timestamp(6),
        membership_type varchar(255),
        password varchar(255) not null,
        phone varchar(20),
        status integer not null,
        updated_at timestamp(6),
        username varchar(50) not null,
        primary key (id)
    )
Hibernate: 
    create table verification_codes (
        id bigint generated by default as identity,
        code varchar(10) not null,
        created_at timestamp(6) not null,
        expire_time timestamp(6) not null,
        target varchar(100) not null,
        type varchar(20) not null,
        used boolean not null,
        primary key (id)
    )
Hibernate: 
    create index idx_user_id 
       on login_logs (user_id)
Hibernate: 
    create index idx_login_time 
       on login_logs (login_time)
Hibernate: 
    create index idx_username 
       on users (username)
Hibernate: 
    create index idx_email 
       on users (email)
Hibernate: 
    create index idx_phone 
       on users (phone)
Hibernate: 
    alter table if exists users 
       drop constraint if exists UK_6dotkott2kjsp8vw4d0m25fb7
Hibernate: 
    alter table if exists users 
       add constraint UK_6dotkott2kjsp8vw4d0m25fb7 unique (email)
Hibernate: 
    alter table if exists users 
       drop constraint if exists UK_du5v5sr43g5bfnji4vb8hg5s3
Hibernate: 
    alter table if exists users 
       add constraint UK_du5v5sr43g5bfnji4vb8hg5s3 unique (phone)
Hibernate: 
    alter table if exists users 
       drop constraint if exists UK_r43af9ap4edm43mmtq01oddj6
Hibernate: 
    alter table if exists users 
       add constraint UK_r43af9ap4edm43mmtq01oddj6 unique (username)
Hibernate: 
    create index idx_target 
       on verification_codes (target)
Hibernate: 
    create index idx_type_target 
       on verification_codes (type, target)
2026-03-18T19:10:57.329+08:00  INFO 97068 --- [           main] j.LocalContainerEntityManagerFactoryBean : Initialized JPA EntityManagerFactory for persistence unit 'default'
2026-03-18T19:10:57.417+08:00  WARN 97068 --- [           main] JpaBaseConfiguration$JpaWebConfiguration : spring.jpa.open-in-view is enabled by default. Therefore, database queries may be performed during view rendering. Explicitly configure spring.jpa.open-in-view to disable this warning
2026-03-18T19:10:57.432+08:00  WARN 97068 --- [           main] .s.s.UserDetailsServiceAutoConfiguration : 

Using generated security password: 14e2b200-354c-4b80-a1c1-dc3685dadf2e

This generated password is for development use only. Your security configuration must be updated before running your application in production.

2026-03-18T19:10:57.507+08:00  INFO 97068 --- [           main] o.s.s.web.DefaultSecurityFilterChain     : Will secure any request with [org.springframework.security.web.session.DisableEncodeUrlFilter@35fd03d9, org.springframework.security.web.context.request.async.WebAsyncManagerIntegrationFilter@77737e3e, org.springframework.security.web.context.SecurityContextHolderFilter@34f3c920, org.springframework.security.web.header.HeaderWriterFilter@760ac834, org.springframework.web.filter.CorsFilter@42e32feb, org.springframework.security.web.authentication.logout.LogoutFilter@614d01b, org.springframework.security.web.savedrequest.RequestCacheAwareFilter@73bd146c, org.springframework.security.web.servletapi.SecurityContextHolderAwareRequestFilter@5924ea91, org.springframework.security.web.authentication.AnonymousAuthenticationFilter@3652dd19, org.springframework.security.web.session.SessionManagementFilter@22cca101, org.springframework.security.web.access.ExceptionTranslationFilter@69fa5536, org.springframework.security.web.access.intercept.AuthorizationFilter@eb77241]
2026-03-18T19:10:57.868+08:00  INFO 97068 --- [           main] o.s.b.a.h2.H2ConsoleAutoConfiguration    : H2 console available at '/h2-console'. Database available at 'jdbc:h2:mem:health_system'
2026-03-18T19:10:57.889+08:00  INFO 97068 --- [           main] o.s.b.t.m.w.SpringBootMockServletContext : Initializing Spring TestDispatcherServlet ''
2026-03-18T19:10:57.890+08:00  INFO 97068 --- [           main] o.s.t.web.servlet.TestDispatcherServlet  : Initializing Servlet ''
2026-03-18T19:10:57.890+08:00  INFO 97068 --- [           main] o.s.t.web.servlet.TestDispatcherServlet  : Completed initialization in 0 ms
2026-03-18T19:10:57.898+08:00  INFO 97068 --- [           main] c.h.c.AuthSecurityIntegrationTest        : Started AuthSecurityIntegrationTest in 1.97 seconds (process running for 2.296)
2026-03-18T19:10:57.964+08:00 ERROR 97068 --- [           main] c.h.exception.GlobalExceptionHandler     : Validation Exception: 用户名长度不能超过50
]]></system-out>
    <system-err><![CDATA[WARNING: A Java agent has been loaded dynamically (/Users/jungle/.m2/repository/net/bytebuddy/byte-buddy-agent/1.14.5/byte-buddy-agent-1.14.5.jar)
WARNING: If a serviceability tool is in use, please run with -XX:+EnableDynamicAgentLoading to hide this warning
WARNING: If a serviceability tool is not in use, please run with -Djdk.instrument.traceUsage for more information
WARNING: Dynamic loading of agents will be disallowed by default in a future release
]]></system-err>
  </testcase>
  <testcase name="corsPreflight_shouldPass_forRegisterEndpoint" classname="com.health.controller.AuthSecurityIntegrationTest" time="0.002"/>
  <testcase name="register_shouldNotReturn403_whenNoTokenProvided" classname="com.health.controller.AuthSecurityIntegrationTest" time="0.012">
    <system-out><![CDATA[2026-03-18T19:10:57.998+08:00  INFO 97068 --- [           main] com.health.aspect.LogAspect              : Operation: User registration | Time: 1ms | Method: com.health.controller.AuthController.register | Args: [com.health.dto.RegisterRequest@45a9f3d4] | IP: 127.0.0.1
]]></system-out>
  </testcase>
  <testcase name="register_shouldAllowEmptyPhone_whenPhoneIsOptional" classname="com.health.controller.AuthSecurityIntegrationTest" time="0.003">
    <system-out><![CDATA[2026-03-18T19:10:58.002+08:00  INFO 97068 --- [           main] com.health.aspect.LogAspect              : Operation: User registration | Time: 0ms | Method: com.health.controller.AuthController.register | Args: [com.health.dto.RegisterRequest@6b8de9dc] | IP: 127.0.0.1
]]></system-out>
  </testcase>
</testsuite>